[debug] [2022-02-22T15:02:50.197Z] ----------------------------------------------------------------------
[debug] [2022-02-22T15:02:50.199Z] Command:       C:\Program Files\nodejs\node.exe C:\Users\vipcomp\AppData\Roaming\npm\node_modules\firebase-tools\lib\bin\firebase.js init
[debug] [2022-02-22T15:02:50.200Z] CLI Version:   10.2.1
[debug] [2022-02-22T15:02:50.200Z] Platform:      win32
[debug] [2022-02-22T15:02:50.200Z] Node Version:  v16.13.2
[debug] [2022-02-22T15:02:50.203Z] Time:          Tue Feb 22 2022 17:02:50 GMT+0200 (Eastern European Standard Time)
[debug] [2022-02-22T15:02:50.203Z] ----------------------------------------------------------------------
[debug] 
[debug] [2022-02-22T15:02:50.222Z] > command requires scopes: ["email","openid","https://www.googleapis.com/auth/cloudplatformprojects.readonly","https://www.googleapis.com/auth/firebase","https://www.googleapis.com/auth/cloud-platform"]
[debug] [2022-02-22T15:02:50.223Z] > authorizing via signed-in user (mohamedsarhan602@gmail.com)
[info] 
     ######## #### ########  ######## ########     ###     ######  ########
     ##        ##  ##     ## ##       ##     ##  ##   ##  ##       ##
     ######    ##  ########  ######   ########  #########  ######  ######
     ##        ##  ##    ##  ##       ##     ## ##     ##       ## ##
     ##       #### ##     ## ######## ########  ##     ##  ######  ########

You're about to initialize a Firebase project in this directory:

  C:\Users\vipcomp\Desktop\Start-up Defenders\crud operation final app\crud-operations-with-ag-grid-and-material-ui

[info] 
=== Project Setup
[info] 
[info] First, let's associate this project directory with a Firebase project.
[info] You can create multiple project aliases by running firebase use --add, 
[info] but for now we'll just set up a default project.
[info] 
[debug] [2022-02-22T15:03:32.394Z] >>> [apiv2][query] GET https://firebase.googleapis.com/v1beta1/projects pageSize=100
[debug] [2022-02-22T15:03:32.941Z] <<< [apiv2][status] GET https://firebase.googleapis.com/v1beta1/projects 200
[debug] [2022-02-22T15:03:32.941Z] <<< [apiv2][body] GET https://firebase.googleapis.com/v1beta1/projects [omitted]
